{
  "timestamp": "2025-10-14 18:37:01.013492",
  "device_info": {
    "serial_number": "AEsASzgwUAUgOTdX",
    "model": "0",
    "git_hash": "af9e99ec707003d1b6d4b0e8597c1665d7983f92",
    "git_dirty": false,
    "git_timestamp": 1753123071,
    "uuid": "1c04ad8f-95e7-4fba-8211-d80f527b9d0e"
  },
  "calibration": {
    "invert": false,
    "phase_invert": false,
    "poles": 28,
    "offset": [
      -1.3327529724195721,
      -1.2866498715350294,
      -1.2392116639767417,
      -1.470204187162637,
      -1.207978860429237,
      -1.5452836644946577,
      -1.2457281850165733,
      -1.5139805350128706,
      -1.2982958621575653,
      -1.3656501377381587,
      -1.3967943316235822,
      -1.1972482058305975,
      -1.4654621351878174,
      -1.0816530568370868,
      -1.4498471538984083,
      -1.1520566899793863,
      -1.356491008914614,
      -1.3193755032935843,
      -1.245563029509617,
      -1.4413515723313395,
      -1.1929551338901814,
      -1.4621365581534904,
      -1.1124185438516054,
      -1.3801073122846508,
      -1.1070592884152022,
      -1.2424882773563966,
      -1.133005109763104,
      -1.0510395790706664,
      -1.2340441923740524,
      -0.9330701784148379,
      -1.3114033172500323,
      -0.9756792684839592,
      -1.2730912807618442,
      -1.1749084217249501,
      -1.1971046133667822,
      -1.3651956789548776,
      -1.136317314085267,
      -1.4490910838536832,
      -1.1409100888792096,
      -1.4475828880049826,
      -1.2132632759387016,
      -1.3376456491028057,
      -1.35739981740219,
      -1.191356945211547,
      -1.50676803589466,
      -1.1193638752599275,
      -1.5020854166350657,
      -1.2218119480271445,
      -1.399177903406464,
      -1.3828058745583058,
      -1.2741708721106413,
      -1.4984168934128508,
      -1.2209370302459779,
      -1.5257939089483374,
      -1.189264392315521,
      -1.46545719987475,
      -1.2179970561407176,
      -1.3263731782495125,
      -1.29429953174876,
      -1.1377652395536684,
      -1.3854749477238897,
      -1.0319055348212949,
      -1.4134486883726953,
      -1.0628330926236838
    ],
    "fit_metric": 44.3339073004777,
    "current_quality_factor": 250.9719830509264
  },
  "winding_resistance": 0.166610242229127,
  "inductance": 2.4530468721426615e-05,
  "pid_dq_kp": 0.030825896129739225,
  "pid_dq_ki": 209.36860519993652,
  "torque_bw_hz": 200.0,
  "encoder_filter_bw_hz": 200.0,
  "encoder_filter_kp": 1013.4169850289654,
  "encoder_filter_ki": 256753.49638629958,
  "kv": 277.873213612529,
  "unwrapped_position_scale": 1.0,
  "motor_position_output_sign": 1.0,
  "abi_version": 268,
  "voltage_mode_control": false,
  "py_version": "0.3.92"
}
