{
  "timestamp": "2025-10-27 15:26:52.373214",
  "device_info": {
    "serial_number": "AEsASzgwUAUgOTdX",
    "model": "0",
    "git_hash": "af9e99ec707003d1b6d4b0e8597c1665d7983f92",
    "git_dirty": false,
    "git_timestamp": 1753123071,
    "uuid": "1c04ad8f-95e7-4fba-8211-d80f527b9d0e"
  },
  "calibration": {
    "invert": false,
    "phase_invert": false,
    "poles": 28,
    "offset": [
      -1.4050279052720747,
      -1.4224668562976628,
      -1.4326638541701393,
      -1.4412590152451767,
      -1.44755043460152,
      -1.4475948713262121,
      -1.45270361153222,
      -1.4522995844619322,
      -1.444876287250906,
      -1.4415001998372539,
      -1.4320056789595395,
      -1.424011344888293,
      -1.4149987206663244,
      -1.4013486469959344,
      -1.396352330592175,
      -1.3909760718979955,
      -1.3804462629689642,
      -1.3756566794076739,
      -1.364554646119396,
      -1.359685445640606,
      -1.3556857474234092,
      -1.3486960534582808,
      -1.346734342234974,
      -1.3429313138896561,
      -1.3414395545374969,
      -1.3445847076074757,
      -1.3420941118893785,
      -1.3451568180056053,
      -1.3461102601250783,
      -1.3524996006610213,
      -1.3693336513925463,
      -1.3798295737009636,
      -1.3802157604952912,
      -1.3896411300408575,
      -1.3986077999363358,
      -1.4122961443752373,
      -1.4203937373224271,
      -1.4148344289245016,
      -1.4167074020457728,
      -1.4216182580270202,
      -1.4198687068552018,
      -1.412561419824498,
      -1.3973167650889415,
      -1.393971584332386,
      -1.3950433370284356,
      -1.3838994980461004,
      -1.3718615756979307,
      -1.363736403468261,
      -1.3647471545564323,
      -1.3662711320268137,
      -1.3532953554674203,
      -1.3465046638162403,
      -1.3478335920248052,
      -1.349141987816636,
      -1.3508405775942498,
      -1.3445560878469263,
      -1.3421798384634518,
      -1.351575026228077,
      -1.3522805045805948,
      -1.3587252486412105,
      -1.3657645278210433,
      -1.374221325963136,
      -1.3887471752053246,
      -1.3963403928887652
    ],
    "fit_metric": 4.634558602447278,
    "current_quality_factor": 301.84542423231994
  },
  "winding_resistance": 0.1070712693325632,
  "inductance": 2.8970939782561953e-05,
  "pid_dq_kp": 0.036405956635395566,
  "pid_dq_ki": 134.54972525828586,
  "torque_bw_hz": 200.0,
  "encoder_filter_bw_hz": 200.0,
  "encoder_filter_kp": 1013.4169850289654,
  "encoder_filter_ki": 256753.49638629958,
  "kv": 275.8579423268335,
  "unwrapped_position_scale": 1.0,
  "motor_position_output_sign": 1.0,
  "abi_version": 268,
  "voltage_mode_control": false,
  "py_version": "0.3.95"
}
