{
  "timestamp": "2025-10-22 15:23:36.946767",
  "device_info": {
    "serial_number": "AEsASzgwUAUgOTdX",
    "model": "0",
    "git_hash": "af9e99ec707003d1b6d4b0e8597c1665d7983f92",
    "git_dirty": false,
    "git_timestamp": 1753123071,
    "uuid": "1c04ad8f-95e7-4fba-8211-d80f527b9d0e"
  },
  "calibration": {
    "invert": false,
    "phase_invert": false,
    "poles": 28,
    "offset": [
      1.7810527123609847,
      1.813834324012303,
      1.8814969134682002,
      1.666290609077014,
      1.9182839852591633,
      1.6179545022400272,
      1.9491036285471406,
      1.6803639900633103,
      1.9167343698598138,
      1.8231255974397271,
      1.8655257052858671,
      2.018370048693683,
      1.7931561388902422,
      2.1375301131360356,
      1.7764506552786463,
      2.123886831159388,
      1.86333252469862,
      1.96836086500425,
      1.9573216194631415,
      1.8455669281061693,
      2.0586284446455463,
      1.7925724143021176,
      2.115568290407817,
      1.8130142710554606,
      2.1297173120900292,
      1.9272902755154047,
      2.051925851621166,
      2.089379115358734,
      1.9019037833365013,
      2.2145703335988105,
      1.8274701265629223,
      2.163087297323054,
      1.8612514506015472,
      1.9629876824902532,
      1.9515109910328923,
      1.7770513538532149,
      1.99140117233869,
      1.6708405462408036,
      1.9946497920958888,
      1.684119968460576,
      1.9275339354826786,
      1.795151971011787,
      1.79019137142942,
      1.9644563751337343,
      1.6826871337987053,
      2.055491269366028,
      1.6577524770208039,
      1.987625915338838,
      1.7683411086552694,
      1.800384665195013,
      1.8685475298521736,
      1.657478664393509,
      1.9366381364122376,
      1.6266007542631378,
      1.9320892047937184,
      1.6594990165006342,
      1.9119789774195912,
      1.8119127853459855,
      1.8041142444937408,
      1.9752913456618058,
      1.7185352246393357,
      2.0888537287551125,
      1.700855161982606,
      1.9999750795724869
    ],
    "fit_metric": 44.152529057263166,
    "current_quality_factor": 202.7868800787768
  },
  "winding_resistance": 0.1682629382314206,
  "inductance": 2.4209686819476788e-05,
  "pid_dq_kp": 0.03042278970311117,
  "pid_dq_ki": 211.44544424770567,
  "torque_bw_hz": 200.0,
  "encoder_filter_bw_hz": 200.0,
  "encoder_filter_kp": 1013.4169850289654,
  "encoder_filter_ki": 256753.49638629958,
  "kv": 272.00835487530793,
  "unwrapped_position_scale": 1.0,
  "motor_position_output_sign": 1.0,
  "abi_version": 268,
  "voltage_mode_control": false,
  "py_version": "0.3.93"
}
