{
  "timestamp": "2025-10-22 16:20:28.869646",
  "device_info": {
    "serial_number": "AEsASzgwUAUgOTdX",
    "model": "0",
    "git_hash": "af9e99ec707003d1b6d4b0e8597c1665d7983f92",
    "git_dirty": false,
    "git_timestamp": 1753123071,
    "uuid": "1c04ad8f-95e7-4fba-8211-d80f527b9d0e"
  },
  "calibration": {
    "invert": false,
    "phase_invert": false,
    "poles": 28,
    "offset": [
      1.7374265583275736,
      1.7272392928142317,
      1.8433939597700553,
      1.5930875331980991,
      1.8699802259100495,
      1.5732852423383064,
      1.890988016015743,
      1.6530624335615978,
      1.88446621985986,
      1.8141082606650776,
      1.8505177079905737,
      2.011158357452033,
      1.7896765776105175,
      2.1415280440279907,
      1.7850368254569415,
      2.1254684771803807,
      1.8565982656851043,
      1.9663475467486173,
      1.9656095628536987,
      1.8303725712408503,
      2.0384437996228555,
      1.7655709070338115,
      2.0877285776662693,
      1.7848440236409162,
      2.0844123870975277,
      1.895256836066499,
      1.9736649315211212,
      2.060042165365254,
      1.8224307741153525,
      2.15858574476624,
      1.756132975707783,
      2.0802617225817612,
      1.8086590927705797,
      1.8686602355369089,
      1.9052907935249777,
      1.7038880320941605,
      1.9497647473954918,
      1.6282002179637403,
      1.9419078655389694,
      1.6589471303023569,
      1.894117059412008,
      1.7868019801184833,
      1.7731694877828217,
      1.9538062088367496,
      1.6703452683558488,
      2.051282706270827,
      1.662595738006582,
      1.9797712714531244,
      1.7668205052089379,
      1.7994019027622765,
      1.8735831402995822,
      1.64177435045172,
      1.9176145126993616,
      1.5937560875610202,
      1.8998905063677995,
      1.6331691677240585,
      1.8404155503719217,
      1.771905128736987,
      1.7269850074610453,
      1.9322306227705373,
      1.6370022616851694,
      2.0165708643894327,
      1.6384313345298327,
      1.9204623296150682
    ],
    "fit_metric": 43.759282614437026,
    "current_quality_factor": 211.96698714189628
  },
  "winding_resistance": 0.16606968857340834,
  "inductance": 2.7658668119985547e-05,
  "pid_dq_kp": 0.03475690742952992,
  "pid_dq_ki": 208.6893254424658,
  "torque_bw_hz": 200.0,
  "encoder_filter_bw_hz": 200.0,
  "encoder_filter_kp": 1013.4169850289654,
  "encoder_filter_ki": 256753.49638629958,
  "kv": 274.5089099356482,
  "unwrapped_position_scale": 1.0,
  "motor_position_output_sign": 1.0,
  "abi_version": 268,
  "voltage_mode_control": false,
  "py_version": "0.3.93"
}
