{
  "timestamp": "2025-10-22 15:51:11.283763",
  "device_info": {
    "serial_number": "AEsASzgwUAUgOTdX",
    "model": "0",
    "git_hash": "af9e99ec707003d1b6d4b0e8597c1665d7983f92",
    "git_dirty": false,
    "git_timestamp": 1753123071,
    "uuid": "1c04ad8f-95e7-4fba-8211-d80f527b9d0e"
  },
  "calibration": {
    "invert": false,
    "phase_invert": false,
    "poles": 28,
    "offset": [
      1.7396466987344528,
      1.715894892182823,
      1.83433650434491,
      1.5875341955516915,
      1.8676535668876413,
      1.5699989906771592,
      1.8847516981355894,
      1.6569659195006419,
      1.8772517776139737,
      1.8127176338661695,
      1.8448202837793488,
      2.008898358443754,
      1.7894879892236102,
      2.1405841578795077,
      1.780128846312179,
      2.126918646533904,
      1.8608818555250755,
      1.9760828897562241,
      1.9652907972031346,
      1.8263597301163337,
      2.046734238857199,
      1.7717554492649787,
      2.0841598535635177,
      1.7810543714385503,
      2.0836133448153493,
      1.8923445916789814,
      1.9745319769043916,
      2.057073968869766,
      1.8137597092603812,
      2.1539185847768594,
      1.751033725759908,
      2.0735830292439448,
      1.8072693771381219,
      1.8614506223594713,
      1.9106836934217035,
      1.6997330427677055,
      1.9492685645973407,
      1.628221364427719,
      1.9498156732837635,
      1.6592296516756082,
      1.890500462035682,
      1.7873806403707349,
      1.7736987893430924,
      1.956628861565605,
      1.6707825703660941,
      2.048905569868945,
      1.6553547031503233,
      1.9770102823551876,
      1.7716120229537657,
      1.7928026921279445,
      1.8670015836182994,
      1.633671771240341,
      1.917111938547432,
      1.5948879320123357,
      1.8894244872121688,
      1.6231978351407108,
      1.834959773004816,
      1.7713634209231877,
      1.722616045172818,
      1.9237673782979692,
      1.6259940623086457,
      2.013615308505967,
      1.6378889291336105,
      1.904765530029084
    ],
    "fit_metric": 43.86265975855751,
    "current_quality_factor": 261.4710960543219
  },
  "winding_resistance": 0.1669941891924816,
  "inductance": 2.924804384039653e-05,
  "pid_dq_kp": 0.036754175864344776,
  "pid_dq_ki": 209.8510871837137,
  "torque_bw_hz": 200.0,
  "encoder_filter_bw_hz": 200.0,
  "encoder_filter_kp": 1013.4169850289654,
  "encoder_filter_ki": 256753.49638629958,
  "kv": 277.435014190318,
  "unwrapped_position_scale": 1.0,
  "motor_position_output_sign": 1.0,
  "abi_version": 268,
  "voltage_mode_control": false,
  "py_version": "0.3.93"
}
